BRAR_INCONSISTENT_DATA  Fatal Error in BRAR. Inconsistent data
BRAR_CORRUPT_DATA_FILE  Fatal Error in BRAR. Corrupt data file (pdbrang.p08).
SPLINE_N_LESS_4  Fatal Error in SPLINE: N is less than 4
SPLINE_X_NOT_ORDERED  Fatal Error in SPLINE: X values not in increasing order
DCSEL_ENERGY_RANGE  Fatal Error in DCSEL. Energy out of range
RLMOM_0  Fatal Error in RLMOM. Error code 0
RLMOM_1  Fatal Error in RLMOM. Error code 1
RLMOM_2  Fatal Error in RLMOM. Error code 2
RLMOM_3  Fatal Error in RLMOM. Error code 3
RLMOM_4  Fatal Error in RLMOM. Error code 4
EELa0_NEG_CS  Fatal Error in EELa0. Negative total cross section
EELa0_ARG  Fatal Error in EELa0. Inconsistent arguments
EELdR_em_EL_DCS  Fatal Error in EELdR. Error reading electron elastic DCS data
EELdR_em_CS_DB  Fatal Error in EELdR. Electron cross section data are corrupt
EELdR_ep_EL_DCS  Fatal Error in EELdR. Error reading positron elastic DCS data
EELdR_ep_CS_DB  Fatal Error in EELdR. Positron cross section data are corrupt
RMOMX_1  Fatal Error in RMOMX. Error code 1
RMOMX_2  Fatal Error in RMOMX. Error code 2
RMOMX_3  Fatal Error in RMOMX. Error code 3
RMOMX_4  Fatal Error in RMOMX. Error code 4
RITAI0_N_8  Fatal Error in RITAI0: N must be larger than 8
RITAI0_N_NM  Fatal Error in RITAI0: N must be less than NM512
RITAI0_XLOW_XHIGH  Fatal Error in RITAI0: XLOW must be larger than XHIGH
RITAI0_XLOW_NU_NEG  Fatal Error in RITAI0: XLOW and NU are negative
EGRID_E  Fatal Error in EGRID: The energy interval is too narrow
GPHaR_MAT_DF  Fatal Error in GPHaR. Corrupt material data file
GPHaR_DP  Fatal Error in GPHaR. Too many data points
GPHaR_SHELLS  Fatal Error in GPHaR. Too many shells
GPHaR_MEM  Fatal Error in GPHaR. Insufficient memory storage
MERGE2_NP  Fatal Error in MERGE2. Increase the value of the parameter NP
SORT2_NP  Fatal Error in SORT2. Increase the value of the parameter NP
ELINIT_DATA_FILE  Fatal Error in ELINIT. Corrupt data file
ESIaR_MATERIAL_DF  Fatal Error in ESIaR. Corrupt material data file
ESIaR_DP  Fatal Error in ESIaR. Too many data points
ESIaR_SHELLS  Fatal Error in ESIaR. Too many shells
ESIaR_MEMORY  Fatal Error in ESIaR. Insufficient memory storage
GRAaR_INIT  Fatal Error in GRAaR. RITA initialisation error
GRAaR_INTERPOLATION  Fatal Error in GRAaR. RITA interpolation error is too large
SLAG6_DP  Fatal Error int SLAG6: too few data points
IRND0_NEGATIVE_PROB  Fatal Error in IRND0. Negative point probability
RNDG30_1  Fatal Error in RNDG30: initialisation error (1)
RNDG30_2  Fatal Error in RNDG30: initialisation error (2)
store_FULL_STACK  Warning: particle stack is full
PEINIT_ELECTRON_ENERGY  Fatal Error in PEINIT: Electron absorption energy less than 50 eV.
PEINIT_GAMMA_ENERGY  Fatal Error in PEINIT: Photon absorption energy less than 50 eV.
PEINIT_POSITRON_ENERGY  Fatal Error in PEINIT: Positron absorption energy less than 50 eV.
PEINIT_ENERGY_INTERVAL  Fatal Error in PEINIT: The energy interval is too narrow
PEINIT_2_MANY_MAT  Fatal Error in PEINIT: Too many materials. Edit 'pen_constants.hh' and change MAXMAT parameter
PEINIT_MATERIAL_FILE  Fatal Error in PEINIT: The material data file could not be opened
