PEMATR_CORRUPT_MAT_FILE  Fatal Error in PEMATR. Corrupt material data file
PEMATR_2_MANY_ELEMENTS  Fatal Error in PEMATR. Too many elements in the material composition. The maximum number of elements is 30
PEMATR_2_MANY_OSCILLATORS  Fatal Error in PEMATR. Too many oscillators.
PEMATR_INCONSISTENT_OSCILLATOR  Fatal Error in PEMATR. Inconsistent oscillator data.
PEMATR_2_MANY_SHELLS  Fatal Error in PEMATR. Too many shells
PEMATR_2_MANY_DP_1  Fatal Error in PEMATR. Too many data points (1).
PEMATR_PHMART  Fatal Error in PEMATR. PHMART. No outer shells?
PEMATR_2_MANY_DP_2   Fatal Error in PEMATR. Too many data points (2).
RELAXR_NTRAN  Fatal Error in RELAXR. NTRAN needs to be increased.
RELAXR_MEM  Fatal Error in RELAXR. Insufficient memory storage.
RELAXR_NEG_TRANS  Fatal Error in RELAXR. Negative transition probability?
RELAXR_ROUND  Fatal Error in RELAXR. Rounding error is too large.
PSIaR_CORRUPTED_FILE  Fatal Error in PSIaR. Corrupt material data file.
PSIaR_DP  Fatal Error in PSIaR. Too many data points.
PSIaR_SHELLS  Fatal Error in PSIaR. Too many shells.
PSIaR_MEM  Fatal Error in PSIaR. Insufficient memory storage.
EBRaR_FORMAT  Fatal Error in EBRaR. EBRR. Inconsistent format.
SINTEG_LIMITS  Fatal Error in SINTEG. Integral limits out of range.
PEMATR_NO_CONTEXT  Fatal Error in material load. No context assigned to material.
PEMATR_CORRUPT_CONTEXT  Fatal Error in material load. Corrupted context.
